TN:
SF:/Users/creativecode/Projekte/@fabalous/fabalous-core/src/store/FabaImmutableStore.ts
FN:19,(anonymous_0)
FN:45,FabaImmutableStore
FN:53,(anonymous_2)
FN:58,(anonymous_3)
FN:28,(anonymous_4)
FN:36,(anonymous_5)
FN:71,(anonymous_6)
FN:79,(anonymous_7)
FN:91,(anonymous_8)
FNF:9
FNH:5
FNDA:1,(anonymous_0)
FNDA:1,FabaImmutableStore
FNDA:0,(anonymous_2)
FNDA:0,(anonymous_3)
FNDA:1,(anonymous_4)
FNDA:2,(anonymous_5)
FNDA:1,(anonymous_6)
FNDA:0,(anonymous_7)
FNDA:0,(anonymous_8)
DA:1,1
DA:2,1
DA:4,1
DA:19,1
DA:28,1
DA:29,1
DA:36,1
DA:37,2
DA:46,1
DA:47,1
DA:49,1
DA:50,1
DA:51,1
DA:53,1
DA:54,0
DA:55,0
DA:58,1
DA:59,0
DA:60,0
DA:61,0
DA:71,2
DA:72,1
DA:73,1
DA:79,1
DA:80,0
DA:81,0
DA:83,0
DA:91,1
DA:92,0
DA:93,0
DA:94,0
DA:95,0
DA:98,0
DA:100,1
LF:34
LH:21
BRDA:46,1,0,1
BRDA:46,1,1,1
BRDA:47,2,0,1
BRDA:47,2,1,0
BRDA:71,3,0,1
BRDA:71,3,1,0
BRDA:79,4,0,0
BRDA:79,4,1,0
BRDA:83,5,0,0
BRDA:83,5,1,0
BRDA:92,6,0,0
BRDA:92,6,1,0
BRF:12
BRH:4
end_of_record
TN:
SF:/Users/creativecode/Projekte/@fabalous/fabalous-core/src/event/FabaStoreUpdateEvent.ts
FN:6,(anonymous_0)
FN:13,FabaStoreUpdateEvent
FNF:2
FNH:2
FNDA:1,(anonymous_0)
FNDA:2,FabaStoreUpdateEvent
DA:1,1
DA:6,1
DA:14,2
DA:16,2
DA:18,1
LF:5
LH:5
BRDA:14,1,0,2
BRDA:14,1,1,2
BRF:2
BRH:2
end_of_record
TN:
SF:/Users/creativecode/Projekte/@fabalous/fabalous-core/src/FabaEvent.ts
FN:6,(anonymous_0)
FN:15,FabaEvent
FN:22,(anonymous_2)
FN:32,(anonymous_3)
FN:42,(anonymous_4)
FN:43,(anonymous_5)
FN:58,(anonymous_6)
FN:60,(anonymous_9)
FN:75,(anonymous_10)
FNF:9
FNH:6
FNDA:1,(anonymous_0)
FNDA:2,FabaEvent
FNDA:1,(anonymous_2)
FNDA:0,(anonymous_3)
FNDA:0,(anonymous_4)
FNDA:0,(anonymous_5)
FNDA:1,(anonymous_6)
FNDA:1,(anonymous_9)
FNDA:1,(anonymous_10)
DA:1,1
DA:6,1
DA:16,2
DA:22,1
DA:23,1
DA:24,1
DA:32,1
DA:33,0
DA:42,1
DA:43,0
DA:44,0
DA:45,0
DA:48,0
DA:58,2
DA:59,1
DA:60,1
DA:61,1
DA:62,1
DA:65,0
DA:68,0
DA:70,1
DA:75,1
DA:76,1
DA:77,1
DA:78,1
DA:79,1
DA:80,1
LF:27
LH:20
BRDA:23,1,0,1
BRDA:23,1,1,0
BRDA:44,2,0,0
BRDA:44,2,1,0
BRDA:58,3,0,1
BRDA:58,3,1,0
BRDA:59,4,0,1
BRDA:59,4,1,0
BRDA:75,5,0,1
BRDA:75,5,1,1
BRF:10
BRH:5
end_of_record
TN:
SF:/Users/creativecode/Projekte/@fabalous/fabalous-core/src/FabaCore.ts
FN:23,(anonymous_0)
FN:49,FabaCore
FN:53,(anonymous_2)
FN:65,(anonymous_3)
FN:76,(anonymous_4)
FN:106,(anonymous_5)
FNF:6
FNH:4
FNDA:1,(anonymous_0)
FNDA:1,FabaCore
FNDA:0,(anonymous_2)
FNDA:0,(anonymous_3)
FNDA:1,(anonymous_4)
FNDA:1,(anonymous_5)
DA:2,1
DA:23,1
DA:27,1
DA:32,1
DA:37,1
DA:50,1
DA:53,1
DA:55,0
DA:65,1
DA:66,0
DA:67,0
DA:68,0
DA:76,1
DA:77,1
DA:78,0
DA:80,0
DA:81,0
DA:85,1
DA:87,1
DA:88,1
DA:89,0
DA:91,1
DA:95,1
DA:97,1
DA:106,1
DA:107,1
DA:108,1
DA:109,1
DA:110,1
DA:111,1
DA:113,1
DA:114,1
DA:116,0
DA:117,0
DA:119,0
DA:120,0
DA:122,0
DA:123,0
DA:125,0
DA:131,1
LF:40
LH:25
BRDA:50,1,0,1
BRDA:50,1,1,0
BRDA:80,2,0,0
BRDA:80,2,1,0
BRDA:88,3,0,0
BRDA:88,3,1,1
BRDA:109,4,0,1
BRDA:109,4,1,0
BRDA:109,5,0,1
BRDA:109,5,1,1
BRDA:112,6,0,1
BRDA:112,6,1,0
BRDA:112,6,2,0
BRDA:112,6,3,0
BRDA:112,6,4,0
BRF:15
BRH:6
end_of_record
TN:
SF:/Users/creativecode/Projekte/@fabalous/fabalous-core/src/store/FabaStore.ts
FN:4,(anonymous_0)
FN:7,FabaStore
FN:11,(anonymous_2)
FNF:3
FNH:2
FNDA:1,(anonymous_0)
FNDA:1,FabaStore
FNDA:0,(anonymous_2)
DA:4,1
DA:8,1
DA:11,1
DA:12,0
DA:14,1
LF:5
LH:4
BRF:0
BRH:0
end_of_record
TN:
SF:/Users/creativecode/Projekte/@fabalous/fabalous-core/src/FabaCoreMediator.ts
FN:38,(anonymous_0)
FN:44,FabaCoreMediator
FN:51,(anonymous_2)
FN:61,(anonymous_3)
FN:78,(anonymous_4)
FN:81,(anonymous_5)
FN:94,(anonymous_6)
FNF:7
FNH:3
FNDA:1,(anonymous_0)
FNDA:1,FabaCoreMediator
FNDA:0,(anonymous_2)
FNDA:1,(anonymous_3)
FNDA:0,(anonymous_4)
FNDA:0,(anonymous_5)
FNDA:0,(anonymous_6)
DA:38,1
DA:39,1
DA:45,1
DA:51,1
DA:52,0
DA:61,1
DA:62,1
DA:63,1
DA:64,1
DA:67,1
DA:78,1
DA:79,0
DA:81,0
DA:82,0
DA:83,0
DA:94,1
DA:95,0
DA:96,0
DA:97,0
DA:99,0
DA:100,0
DA:104,0
DA:105,0
DA:110,1
LF:24
LH:12
BRDA:63,1,0,1
BRDA:63,1,1,0
BRDA:82,2,0,0
BRDA:82,2,1,0
BRDA:99,3,0,0
BRDA:99,3,1,0
BRDA:104,4,0,0
BRDA:104,4,1,0
BRF:8
BRH:1
end_of_record
TN:
SF:/Users/creativecode/Projekte/@fabalous/fabalous-core/src/FabaCoreCommand.ts
FN:9,(anonymous_0)
FN:20,FabaCoreCommand
FN:28,(anonymous_2)
FNF:3
FNH:2
FNDA:1,(anonymous_0)
FNDA:1,FabaCoreCommand
FNDA:0,(anonymous_2)
DA:9,1
DA:21,1
DA:28,1
DA:29,0
DA:31,1
LF:5
LH:4
BRF:0
BRH:0
end_of_record
TN:
SF:/Users/creativecode/Projekte/@fabalous/fabalous-core/src/transport/FabaCoreTransportBase.ts
FN:6,(anonymous_0)
FN:13,FabaCoreTransportBase
FN:23,(anonymous_2)
FN:37,(anonymous_3)
FN:45,(anonymous_4)
FNF:5
FNH:0
FNDA:0,(anonymous_0)
FNDA:0,FabaCoreTransportBase
FNDA:0,(anonymous_2)
FNDA:0,(anonymous_3)
FNDA:0,(anonymous_4)
DA:6,0
DA:10,0
DA:23,0
DA:26,0
DA:29,0
DA:30,0
DA:37,0
DA:45,0
DA:48,0
LF:9
LH:0
BRDA:23,1,0,0
BRDA:23,1,1,0
BRF:2
BRH:0
end_of_record
TN:
SF:/Users/creativecode/Projekte/@fabalous/fabalous-core/src/FabaValueObject.ts
FN:1,(anonymous_0)
FN:6,FabaValueObject
FNF:2
FNH:0
FNDA:0,(anonymous_0)
FNDA:0,FabaValueObject
DA:1,0
DA:4,0
DA:10,0
LF:3
LH:0
BRF:0
BRH:0
end_of_record
TN:
SF:/Users/creativecode/Projekte/@fabalous/fabalous-core/src/FabaEnviroment.ts
FNF:0
FNH:0
DA:5,0
LF:1
LH:0
BRF:0
BRH:0
end_of_record
TN:
SF:/Users/creativecode/Projekte/@fabalous/fabalous-core/src/FabaCoreRuntime.ts
FN:16,(anonymous_0)
FN:16,FabaCoreRuntime
FN:25,(anonymous_2)
FN:37,(anonymous_3)
FNF:4
FNH:0
FNDA:0,(anonymous_0)
FNDA:0,FabaCoreRuntime
FNDA:0,(anonymous_2)
FNDA:0,(anonymous_3)
DA:2,0
DA:16,0
DA:17,0
DA:25,0
DA:26,0
DA:37,0
DA:38,0
DA:39,0
DA:40,0
DA:41,0
DA:45,0
DA:48,0
LF:12
LH:0
BRDA:38,1,0,0
BRDA:38,1,1,0
BRDA:40,2,0,0
BRDA:40,2,1,0
BRF:4
BRH:0
end_of_record
