TN:
SF:/Users/creativecode/Projekte/@fabalous/fabalous-core/src/FabaCore.ts
FN:8,(anonymous_0)
FN:13,FabaCore
FN:17,(anonymous_2)
FN:27,(anonymous_3)
FN:36,(anonymous_4)
FN:60,(anonymous_5)
FNF:6
FNH:4
FNDA:1,(anonymous_0)
FNDA:1,FabaCore
FNDA:0,(anonymous_2)
FNDA:0,(anonymous_3)
FNDA:1,(anonymous_4)
FNDA:1,(anonymous_5)
DA:1,1
DA:2,1
DA:3,1
DA:8,1
DA:14,1
DA:15,1
DA:17,1
DA:19,0
DA:27,1
DA:28,0
DA:29,0
DA:30,0
DA:36,1
DA:37,1
DA:38,0
DA:39,0
DA:40,0
DA:43,1
DA:44,1
DA:45,1
DA:46,0
DA:49,1
DA:52,1
DA:53,1
DA:60,1
DA:61,1
DA:62,1
DA:63,1
DA:64,1
DA:65,1
DA:66,1
DA:68,1
DA:69,1
DA:71,0
DA:72,0
DA:74,0
DA:75,0
DA:77,0
DA:78,0
DA:80,0
DA:86,1
DA:91,1
DA:95,1
DA:99,1
DA:100,1
LF:45
LH:30
BRDA:14,0,0,1
BRDA:14,0,1,0
BRDA:39,1,0,0
BRDA:39,1,1,0
BRDA:45,2,0,0
BRDA:45,2,1,1
BRDA:63,3,0,1
BRDA:63,3,1,0
BRDA:63,4,0,1
BRDA:63,4,1,1
BRDA:66,5,0,1
BRDA:66,5,1,0
BRDA:66,5,2,0
BRDA:66,5,3,0
BRDA:66,5,4,0
BRF:15
BRH:6
end_of_record
TN:
SF:/Users/creativecode/Projekte/@fabalous/fabalous-core/src/FabaCoreCommand.ts
FN:7,(anonymous_0)
FN:12,FabaCoreCommand
FN:20,(anonymous_2)
FNF:3
FNH:2
FNDA:1,(anonymous_0)
FNDA:1,FabaCoreCommand
FNDA:0,(anonymous_2)
DA:1,1
DA:2,1
DA:7,1
DA:13,1
DA:15,1
DA:21,0
DA:26,1
DA:28,1
LF:8
LH:7
BRF:0
BRH:0
end_of_record
TN:
SF:/Users/creativecode/Projekte/@fabalous/fabalous-core/src/FabaCoreMediator.ts
FN:9,(anonymous_0)
FN:13,FabaCoreMediator
FN:20,(anonymous_2)
FN:29,(anonymous_3)
FN:43,(anonymous_4)
FN:45,(anonymous_5)
FN:57,(anonymous_6)
FNF:7
FNH:3
FNDA:1,(anonymous_0)
FNDA:1,FabaCoreMediator
FNDA:0,(anonymous_2)
FNDA:1,(anonymous_3)
FNDA:0,(anonymous_4)
FNDA:0,(anonymous_5)
FNDA:0,(anonymous_6)
DA:1,1
DA:2,1
DA:9,1
DA:14,1
DA:15,1
DA:20,1
DA:21,0
DA:29,1
DA:30,1
DA:31,1
DA:32,1
DA:34,1
DA:43,1
DA:44,0
DA:45,0
DA:46,0
DA:47,0
DA:57,1
DA:58,0
DA:59,0
DA:60,0
DA:61,0
DA:62,0
DA:65,0
DA:66,0
DA:69,1
DA:71,1
LF:27
LH:15
BRDA:31,0,0,1
BRDA:31,0,1,0
BRDA:46,1,0,0
BRDA:46,1,1,0
BRDA:61,2,0,0
BRDA:61,2,1,0
BRDA:65,3,0,0
BRDA:65,3,1,0
BRF:8
BRH:1
end_of_record
TN:
SF:/Users/creativecode/Projekte/@fabalous/fabalous-core/src/FabaCoreRuntime.ts
FN:8,(anonymous_0)
FN:10,FabaCoreRuntime
FN:19,(anonymous_2)
FN:29,(anonymous_3)
FNF:4
FNH:0
FNDA:0,(anonymous_0)
FNDA:0,FabaCoreRuntime
FNDA:0,(anonymous_2)
FNDA:0,(anonymous_3)
DA:1,0
DA:2,0
DA:3,0
DA:4,0
DA:8,0
DA:9,0
DA:11,0
DA:19,0
DA:20,0
DA:29,0
DA:30,0
DA:31,0
DA:32,0
DA:33,0
DA:34,0
DA:39,0
DA:42,0
DA:44,0
DA:45,0
LF:19
LH:0
BRDA:11,0,0,0
BRDA:11,0,1,0
BRDA:11,0,2,0
BRDA:30,1,0,0
BRDA:30,1,1,0
BRDA:33,2,0,0
BRDA:33,2,1,0
BRF:7
BRH:0
end_of_record
TN:
SF:/Users/creativecode/Projekte/@fabalous/fabalous-core/src/FabaEnviroment.ts
FNF:0
FNH:0
DA:1,0
DA:2,0
DA:7,0
LF:3
LH:0
BRF:0
BRH:0
end_of_record
TN:
SF:/Users/creativecode/Projekte/@fabalous/fabalous-core/src/FabaEvent.ts
FN:8,(anonymous_0)
FN:13,FabaEvent
FN:19,(anonymous_2)
FN:29,(anonymous_3)
FN:41,(anonymous_4)
FN:43,(anonymous_5)
FN:56,(anonymous_6)
FN:58,(anonymous_7)
FN:60,(anonymous_8)
FN:62,(anonymous_9)
FN:81,(anonymous_10)
FNF:11
FNH:8
FNDA:1,(anonymous_0)
FNDA:2,FabaEvent
FNDA:1,(anonymous_2)
FNDA:0,(anonymous_3)
FNDA:0,(anonymous_4)
FNDA:0,(anonymous_5)
FNDA:1,(anonymous_6)
FNDA:1,(anonymous_7)
FNDA:1,(anonymous_8)
FNDA:1,(anonymous_9)
FNDA:1,(anonymous_10)
DA:1,1
DA:2,1
DA:3,1
DA:4,1
DA:8,1
DA:14,2
DA:19,1
DA:20,1
DA:21,1
DA:24,1
DA:30,0
DA:41,1
DA:42,0
DA:43,0
DA:44,0
DA:45,0
DA:47,0
DA:56,1
DA:57,1
DA:58,1
DA:59,1
DA:60,1
DA:61,1
DA:62,1
DA:63,1
DA:64,1
DA:68,0
DA:70,0
DA:74,1
DA:76,1
DA:81,1
DA:82,1
DA:83,1
DA:84,1
DA:85,1
DA:86,1
LF:36
LH:28
BRDA:20,0,0,1
BRDA:20,0,1,0
BRDA:44,1,0,0
BRDA:44,1,1,0
BRDA:57,2,0,1
BRDA:57,2,1,0
BRDA:61,3,0,1
BRDA:61,3,1,0
BRDA:87,4,0,1
BRDA:87,4,1,1
BRF:10
BRH:5
end_of_record
TN:
SF:/Users/creativecode/Projekte/@fabalous/fabalous-core/src/FabaValueObject.ts
FN:3,(anonymous_0)
FN:4,FabaValueObject
FNF:2
FNH:0
FNDA:0,(anonymous_0)
FNDA:0,FabaValueObject
DA:1,0
DA:2,0
DA:3,0
DA:5,0
DA:7,0
DA:9,0
LF:6
LH:0
BRF:0
BRH:0
end_of_record
TN:
SF:/Users/creativecode/Projekte/@fabalous/fabalous-core/src/event/FabaStoreUpdateEvent.ts
FN:8,(anonymous_0)
FN:14,FabaStoreUpdateEvent
FNF:2
FNH:2
FNDA:1,(anonymous_0)
FNDA:2,FabaStoreUpdateEvent
DA:1,1
DA:2,1
DA:3,1
DA:4,1
DA:8,1
DA:9,1
DA:15,2
DA:16,2
DA:17,2
DA:19,1
DA:21,1
LF:11
LH:11
BRDA:15,0,0,2
BRDA:15,0,1,2
BRF:2
BRH:2
end_of_record
TN:
SF:/Users/creativecode/Projekte/@fabalous/fabalous-core/src/store/FabaImmutableStore.ts
FN:10,(anonymous_0)
FN:17,FabaImmutableStore
FN:23,(anonymous_2)
FN:27,(anonymous_3)
FN:39,(anonymous_4)
FN:50,(anonymous_5)
FN:62,(anonymous_6)
FN:70,(anonymous_7)
FN:81,(anonymous_8)
FNF:9
FNH:5
FNDA:1,(anonymous_0)
FNDA:1,FabaImmutableStore
FNDA:0,(anonymous_2)
FNDA:0,(anonymous_3)
FNDA:1,(anonymous_4)
FNDA:2,(anonymous_5)
FNDA:1,(anonymous_6)
FNDA:0,(anonymous_7)
FNDA:0,(anonymous_8)
DA:1,1
DA:2,1
DA:3,1
DA:4,1
DA:5,1
DA:6,1
DA:10,1
DA:11,1
DA:18,1
DA:19,1
DA:20,1
DA:21,1
DA:22,1
DA:23,1
DA:24,0
DA:25,0
DA:27,1
DA:28,0
DA:29,0
DA:30,0
DA:32,1
DA:34,1
DA:40,1
DA:45,1
DA:51,2
DA:62,1
DA:63,1
DA:64,1
DA:65,1
DA:70,1
DA:71,0
DA:72,0
DA:73,0
DA:74,0
DA:81,1
DA:82,0
DA:83,0
DA:84,0
DA:85,0
DA:87,0
DA:89,1
DA:91,1
LF:42
LH:28
BRDA:18,0,0,1
BRDA:18,0,1,1
BRDA:19,1,0,1
BRDA:19,1,1,0
BRDA:63,2,0,1
BRDA:63,2,1,0
BRDA:71,3,0,0
BRDA:71,3,1,0
BRDA:74,4,0,0
BRDA:74,4,1,0
BRDA:82,5,0,0
BRDA:82,5,1,0
BRF:12
BRH:4
end_of_record
TN:
SF:/Users/creativecode/Projekte/@fabalous/fabalous-core/src/store/FabaStore.ts
FN:6,(anonymous_0)
FN:7,FabaStore
FN:11,(anonymous_2)
FNF:3
FNH:2
FNDA:1,(anonymous_0)
FNDA:1,FabaStore
FNDA:0,(anonymous_2)
DA:1,1
DA:2,1
DA:6,1
DA:8,1
DA:10,1
DA:12,0
DA:17,1
DA:19,1
LF:8
LH:7
BRF:0
BRH:0
end_of_record
TN:
SF:/Users/creativecode/Projekte/@fabalous/fabalous-core/src/transport/FabaCoreTransportBase.ts
FN:6,(anonymous_0)
FN:7,FabaCoreTransportBase
FN:17,(anonymous_2)
FN:29,(anonymous_3)
FN:36,(anonymous_4)
FNF:5
FNH:0
FNDA:0,(anonymous_0)
FNDA:0,FabaCoreTransportBase
FNDA:0,(anonymous_2)
FNDA:0,(anonymous_3)
FNDA:0,(anonymous_4)
DA:1,0
DA:2,0
DA:6,0
DA:8,0
DA:17,0
DA:19,0
DA:20,0
DA:22,0
DA:23,0
DA:29,0
DA:36,0
DA:38,0
DA:40,0
LF:13
LH:0
BRDA:19,0,0,0
BRDA:19,0,1,0
BRF:2
BRH:0
end_of_record
